  main.cpp
C:\Users\rusik\Desktop\TanksGame\TanksGame\main.cpp(94,13): warning C4244: =: преобразование "int" в "float", возможна потеря данных
C:\Users\rusik\Desktop\TanksGame\TanksGame\main.cpp(95,13): warning C4244: =: преобразование "int" в "float", возможна потеря данных
C:\Users\rusik\Desktop\TanksGame\TanksGame\main.cpp(96,14): warning C4244: =: преобразование "int" в "float", возможна потеря данных
C:\Users\rusik\Desktop\TanksGame\TanksGame\main.cpp(97,1): warning C4305: =: усечение из "double" в "float"
C:\Users\rusik\Desktop\TanksGame\TanksGame\main.cpp(98,1): warning C4305: =: усечение из "double" в "float"
C:\Users\rusik\Desktop\TanksGame\TanksGame\main.cpp(101,1): warning C4305: =: усечение из "double" в "float"
C:\Users\rusik\Desktop\TanksGame\TanksGame\main.cpp(102,1): warning C4305: =: усечение из "double" в "float"
C:\Users\rusik\Desktop\TanksGame\TanksGame\main.cpp(117,20): warning C4244: инициализация: преобразование "float" в "int", возможна потеря данных
C:\Users\rusik\Desktop\TanksGame\TanksGame\main.cpp(118,24): warning C4244: инициализация: преобразование "float" в "int", возможна потеря данных
C:\Users\rusik\Desktop\TanksGame\TanksGame\main.cpp(196,20): warning C4244: инициализация: преобразование "sf::Int64" в "float", возможна потеря данных
C:\Users\rusik\Desktop\TanksGame\TanksGame\main.cpp(206,92): warning C4244: аргумент: преобразование "T" в "int", возможна потеря данных
          with
          [
              T=float
          ]
C:\Users\rusik\Desktop\TanksGame\TanksGame\main.cpp(206,68): warning C4244: аргумент: преобразование "T" в "int", возможна потеря данных
          with
          [
              T=float
          ]
C:\Users\rusik\Desktop\TanksGame\TanksGame\main.cpp(209,94): warning C4244: аргумент: преобразование "T" в "int", возможна потеря данных
          with
          [
              T=float
          ]
C:\Users\rusik\Desktop\TanksGame\TanksGame\main.cpp(209,69): warning C4244: аргумент: преобразование "T" в "int", возможна потеря данных
          with
          [
              T=float
          ]
C:\Users\rusik\Desktop\TanksGame\TanksGame\main.cpp(215,58): warning C4244: аргумент: преобразование "const T" в "int", возможна потеря данных
          with
          [
              T=float
          ]
C:\Users\rusik\Desktop\TanksGame\TanksGame\main.cpp(215,39): warning C4244: аргумент: преобразование "const T" в "int", возможна потеря данных
          with
          [
              T=float
          ]
C:\Users\rusik\Desktop\TanksGame\TanksGame\main.cpp(215,84): warning C4244: аргумент: преобразование "double" в "float", возможна потеря данных
C:\Users\rusik\Desktop\TanksGame\TanksGame\main.cpp(221,62): warning C4244: аргумент: преобразование "const T" в "int", возможна потеря данных
          with
          [
              T=float
          ]
C:\Users\rusik\Desktop\TanksGame\TanksGame\main.cpp(221,43): warning C4244: аргумент: преобразование "const T" в "int", возможна потеря данных
          with
          [
              T=float
          ]
C:\Users\rusik\Desktop\TanksGame\TanksGame\main.cpp(221,87): warning C4244: аргумент: преобразование "double" в "float", возможна потеря данных
C:\Users\rusik\Desktop\TanksGame\TanksGame\main.cpp(227,66): warning C4244: аргумент: преобразование "const T" в "int", возможна потеря данных
          with
          [
              T=float
          ]
C:\Users\rusik\Desktop\TanksGame\TanksGame\main.cpp(227,47): warning C4244: аргумент: преобразование "const T" в "int", возможна потеря данных
          with
          [
              T=float
          ]
C:\Users\rusik\Desktop\TanksGame\TanksGame\main.cpp(227,95): warning C4244: аргумент: преобразование "double" в "float", возможна потеря данных
C:\Users\rusik\Desktop\TanksGame\TanksGame\main.cpp(233,70): warning C4244: аргумент: преобразование "const T" в "int", возможна потеря данных
          with
          [
              T=float
          ]
C:\Users\rusik\Desktop\TanksGame\TanksGame\main.cpp(233,51): warning C4244: аргумент: преобразование "const T" в "int", возможна потеря данных
          with
          [
              T=float
          ]
C:\Users\rusik\Desktop\TanksGame\TanksGame\main.cpp(233,98): warning C4244: аргумент: преобразование "double" в "float", возможна потеря данных
C:\Users\rusik\Desktop\TanksGame\TanksGame\main.cpp(242,60): warning C4244: аргумент: преобразование "const T" в "int", возможна потеря данных
          with
          [
              T=float
          ]
C:\Users\rusik\Desktop\TanksGame\TanksGame\main.cpp(242,40): warning C4244: аргумент: преобразование "const T" в "int", возможна потеря данных
          with
          [
              T=float
          ]
C:\Users\rusik\Desktop\TanksGame\TanksGame\main.cpp(242,87): warning C4244: аргумент: преобразование "double" в "float", возможна потеря данных
C:\Users\rusik\Desktop\TanksGame\TanksGame\main.cpp(248,64): warning C4244: аргумент: преобразование "const T" в "int", возможна потеря данных
          with
          [
              T=float
          ]
C:\Users\rusik\Desktop\TanksGame\TanksGame\main.cpp(248,44): warning C4244: аргумент: преобразование "const T" в "int", возможна потеря данных
          with
          [
              T=float
          ]
C:\Users\rusik\Desktop\TanksGame\TanksGame\main.cpp(248,90): warning C4244: аргумент: преобразование "double" в "float", возможна потеря данных
C:\Users\rusik\Desktop\TanksGame\TanksGame\main.cpp(254,68): warning C4244: аргумент: преобразование "const T" в "int", возможна потеря данных
          with
          [
              T=float
          ]
C:\Users\rusik\Desktop\TanksGame\TanksGame\main.cpp(254,48): warning C4244: аргумент: преобразование "const T" в "int", возможна потеря данных
          with
          [
              T=float
          ]
C:\Users\rusik\Desktop\TanksGame\TanksGame\main.cpp(254,98): warning C4244: аргумент: преобразование "double" в "float", возможна потеря данных
C:\Users\rusik\Desktop\TanksGame\TanksGame\main.cpp(260,72): warning C4244: аргумент: преобразование "const T" в "int", возможна потеря данных
          with
          [
              T=float
          ]
C:\Users\rusik\Desktop\TanksGame\TanksGame\main.cpp(260,52): warning C4244: аргумент: преобразование "const T" в "int", возможна потеря данных
          with
          [
              T=float
          ]
C:\Users\rusik\Desktop\TanksGame\TanksGame\main.cpp(260,101): warning C4244: аргумент: преобразование "double" в "float", возможна потеря данных
C:\Users\rusik\Desktop\TanksGame\TanksGame\main.cpp(269,107): warning C4244: аргумент: преобразование "const T" в "int", возможна потеря данных
          with
          [
              T=float
          ]
C:\Users\rusik\Desktop\TanksGame\TanksGame\main.cpp(269,87): warning C4244: аргумент: преобразование "const T" в "int", возможна потеря данных
          with
          [
              T=float
          ]
C:\Users\rusik\Desktop\TanksGame\TanksGame\main.cpp(269,67): warning C4244: аргумент: преобразование "const T" в "int", возможна потеря данных
          with
          [
              T=float
          ]
C:\Users\rusik\Desktop\TanksGame\TanksGame\main.cpp(269,48): warning C4244: аргумент: преобразование "const T" в "int", возможна потеря данных
          with
          [
              T=float
          ]
C:\Users\rusik\Desktop\TanksGame\TanksGame\main.cpp(313,53): warning C4244: аргумент: преобразование "int" в "float", возможна потеря данных
C:\Users\rusik\Desktop\TanksGame\TanksGame\main.cpp(313,45): warning C4244: аргумент: преобразование "int" в "float", возможна потеря данных
C:\Users\rusik\Desktop\TanksGame\TanksGame\main.cpp(317,54): warning C4244: аргумент: преобразование "int" в "float", возможна потеря данных
C:\Users\rusik\Desktop\TanksGame\TanksGame\main.cpp(317,46): warning C4244: аргумент: преобразование "int" в "float", возможна потеря данных
C:\Users\rusik\Desktop\TanksGame\TanksGame\main.cpp(71): warning C4715: collYU: значение возвращается не при всех путях выполнения
C:\Users\rusik\Desktop\TanksGame\TanksGame\main.cpp(45): warning C4715: collXL: значение возвращается не при всех путях выполнения
C:\Users\rusik\Desktop\TanksGame\TanksGame\main.cpp(84): warning C4715: collYD: значение возвращается не при всех путях выполнения
C:\Users\rusik\Desktop\TanksGame\TanksGame\main.cpp(58): warning C4715: collXR: значение возвращается не при всех путях выполнения
  TanksGame.vcxproj -> C:\Users\rusik\Desktop\TanksGame\TanksGame\x64\Debug\TanksGame.exe
